-1
-1
-1
-1
-1
-1
-1
-1
-1
-1
-1
-1
-1
-1
-1
-1
-1
-1
-1
-1
-1
-1
-1
-1
-1
-1
-1
-1
-1
-1
-1
-1
-1
-1
-1
-1
-1
-1
-1
-1
-1
-1
-1
-1
-1
-1
-1
-1
-1
-1
-1
-1
-1
-1
-1
-1
-1
-1
-1
-1
-1
-1
-1
-1
-1
-1
-1
-1
-1
-1
-1
-1
-1
-1
-1
-1
-1
-1
-1
-1
-1
-1
-1
-1
-1
-1
-1
-1
-1
-1
-1
-1
-1
-1
-1
-1
-1
-1
-1
-1
-1
-1
-1
-1
-1
-1
-1
-1
-1
-1
-1
-1
-1
-1
-1
-1
-1
-1
-1
-1
-1
-1
-1
-1
-1
-1
-1
-1
-1
-1
-1
-1
-1
-1
-1
-1
-1
-1
-1
-1
-1
-1
-1
-1
-1
-1
-1
-1
-1
-1
-1
-1
-1
-1
-1
-1
-1
-1
-1
-1
-1
-1
-1
-1
-1
-1
-1
-1
-1
-1
-1
-1
-1
-1
-1
-1
-1
-1
-1
-1
-1
-1
-1
-1
-1
-1
-1
-1
-1
-1
-1
-1
-1
-1
-1
-1
-1
-1
-1
-1
-1
-1
-1
-1
-1
-1
-1
-1
-1
-1
0
0
-1
-1
-1
-1
-1
-1
-1
-1
0
0
0
0
1
-1
-1
-1
-1
-1
-1
-1
-1
-1
1
1
1
-1
-1
-1
-1
-1
-1
-1
-1
-1
-1
2
2
-1
-1
-1
-1
-1
-1
-1
-1
-1
-1
3
-1
-1
-1
-1
-1
-1
-1
-1
-1
-1
-1
-1
-1
-1
-1
-1
-1
-1
-1
-1
-1
-1
-1
-1
-1
-1
-1
-1
-1
7
-1
-1
-1
-1
-1
8
8
-1
-1
-1
9
9
9
-1
-1
10
10
10
-1
11
11
11
12
12
13
-1
-1
-1
-1
-1
-1
-1
-1
-1
-1
0
0
0
-1
2
-1
-1
-1
-1
-1
-1
-1
-1
0
2
2
-1
2
-1
-1
-1
-1
-1
-1
-1
0
2
4
-1
2
-1
-1
-1
-1
-1
-1
0
2
4
-1
2
-1
-1
-1
-1
-1
-1
2
4
-1
-1
-1
-1
-1
-1
-1
-1
4
-1
-1
-1
-1
-1
-1
-1
-1
-1
-1
-1
14
-1
-1
-1
-1
-1
-1
16
-1
-1
-1
18
-1
18
-1
-1
20
-1
20
-1
22
-1
-1
24
-1
-1
-1
-1
-1
-1
-1
-1
-1
-1
-1
-1
0
0
-1
-1
3
-1
-1
-1
-1
-1
-1
-1
-1
0
3
-1
-1
3
-1
-1
-1
-1
-1
-1
-1
-1
3
-1
-1
3
-1
-1
-1
-1
-1
-1
-1
-1
-1
-1
3
-1
-1
-1
-1
-1
-1
-1
-1
-1
3
-1
-1
-1
-1
-1
-1
-1
-1
3
-1
-1
-1
-1
-1
-1
-1
-1
-1
21
-1
-1
-1
-1
-1
-1
24
-1
-1
-1
27
-1
27
-1
-1
30
-1
-1
-1
33
-1
-1
-1
-1
-1
-1
-1
0
-1
-1
-1
-1
-1
-1
0
0
0
-1
-1
4
0
-1
1
-1
-1
-1
1
0
1
4
0
-1
4
-1
2
1
-1
-1
1
2
1
4
4
0
-1
2
2
1
-1
1
2
3
4
4
4
2
2
2
1
-1
2
3
4
4
4
2
2
2
1
-1
3
4
4
4
2
2
2
1
-1
4
4
4
2
2
28
1
-1
4
4
2
28
32
1
-1
4
36
32
36
1
-1
40
36
36
1
44
36
36
44
36
44
-1
-1
-1
-1
-1
0
-1
-1
-1
-1
-1
0
-1
-1
5
-1
-1
-1
0
-1
-1
-1
-1
-1
-1
0
-1
-1
-1
4
-1
-1
-1
-1
-1
-1
-1
-1
0
-1
4
4
-1
-1
-1
-1
-1
-1
-1
-1
4
4
-1
-1
-1
-1
-1
-1
-1
-1
4
-1
-1
-1
-1
-1
-1
-1
-1
-1
-1
-1
-1
-1
-1
-1
-1
-1
-1
-1
-1
-1
-1
-1
-1
-1
40
-1
-1
-1
-1
40
45
-1
-1
50
45
45
-1
55
45
45
55
45
55
0
0
-1
-1
-1
0
-1
-1
-1
-1
-1
0
0
0
6
0
-1
-1
0
0
-1
-1
-1
-1
0
1
1
6
0
6
0
0
0
-1
-1
-1
0
1
2
6
6
6
0
0
0
-1
-1
0
1
2
6
6
6
0
0
0
4
0
1
2
6
6
6
0
0
5
5
1
2
6
6
6
0
5
6
6
2
6
6
6
5
6
7
7
6
6
48
6
7
8
6
48
54
7
8
60
54
54
8
66
54
54
66
54
66
0
-1
-1
-1
-1
-1
-1
-1
-1
-1
-1
-1
0
0
-1
-1
-1
-1
1
-1
-1
-1
-1
-1
-1
-1
2
-1
-1
-1
-1
1
-1
-1
-1
-1
-1
-1
-1
-1
-1
-1
-1
-1
-1
-1
-1
-1
-1
-1
-1
-1
-1
-1
-1
-1
-1
-1
-1
-1
-1
-1
-1
-1
-1
-1
10
-1
-1
-1
-1
-1
-1
-1
-1
12
-1
-1
-1
-1
-1
-1
-1
14
-1
-1
-1
-1
-1
-1
-1
-1
-1
-1
-1
-1
-1
-1
-1
77
-1
-1
77
-1
77
0
-1
-1
-1
-1
-1
-1
-1
-1
-1
-1
-1
0
0
0
-1
-1
-1
2
-1
-1
-1
-1
-1
-1
0
3
-1
2
-1
-1
-1
-1
2
-1
-1
2
-1
3
3
2
-1
-1
-1
2
-1
-1
-1
3
-1
3
4
-1
-1
4
-1
-1
-1
-1
4
5
-1
-1
-1
-1
-1
15
-1
-1
-1
-1
-1
-1
-1
15
18
-1
-1
7
-1
-1
15
18
21
8
-1
-1
-1
18
21
-1
-1
-1
-1
21
-1
10
-1
-1
88
11
-1
88
12
88
-1
-1
-1
-1
-1
-1
-1
-1
-1
-1
-1
-1
0
0
-1
-1
-1
-1
3
-1
-1
-1
-1
-1
-1
0
4
-1
4
-1
-1
-1
-1
4
-1
-1
4
0
4
-1
4
-1
-1
-1
4
4
-1
4
6
4
-1
8
-1
-1
8
4
4
-1
6
8
-1
-1
-1
-1
8
4
20
-1
8
-1
-1
-1
-1
8
20
24
-1
-1
14
-1
-1
20
24
28
-1
14
-1
-1
24
28
-1
14
-1
-1
28
-1
20
-1
-1
-1
22
-1
-1
24
-1
-1
0
-1
-1
0
0
-1
-1
-1
-1
-1
0
0
0
0
0
-1
0
4
0
-1
-1
-1
-1
0
1
5
0
6
0
4
4
0
6
-1
-1
6
1
5
6
6
4
4
4
6
6
-1
6
9
5
6
12
4
4
12
6
6
6
9
12
12
12
4
12
12
6
25
9
12
12
12
12
12
12
25
30
12
12
21
12
12
25
30
35
21
21
12
25
30
35
21
21
25
30
35
21
30
30
35
30
33
35
33
36
36
-1
0
-1
-1
-1
-1
-1
-1
-1
0
0
0
0
0
0
0
-1
-1
5
-1
-1
-1
-1
1
1
2
6
0
8
-1
5
5
-1
8
-1
-1
8
2
6
8
-1
5
5
-1
-1
8
-1
-1
12
6
-1
16
5
-1
16
-1
8
-1
-1
16
16
16
-1
16
16
-1
30
-1
-1
16
-1
16
16
16
-1
36
-1
-1
28
16
16
28
-1
42
28
28
16
28
32
-1
28
28
28
32
36
28
40
32
36
40
44
36
44
48
48
0
0
0
0
-1
-1
0
-1
-1
-1
0
0
0
0
1
1
1
0
6
0
0
-1
-1
-1
2
3
7
2
10
1
6
6
0
-1
2
-1
-1
4
7
10
10
6
6
6
-1
3
3
-1
-1
7
10
20
6
6
-1
3
4
4
-1
-1
20
20
6
-1
5
4
35
5
-1
20
20
-1
6
6
35
42
6
20
-1
7
7
35
42
49
-1
8
8
35
42
49
9
9
35
42
49
10
50
42
49
50
55
49
55
60
60
0
0
0
0
-1
-1
0
-1
-1
-1
0
0
0
0
2
2
2
0
7
0
0
-1
-1
0
3
4
8
4
12
2
7
7
0
0
4
0
3
6
8
12
12
7
7
7
0
6
6
3
6
9
12
24
8
7
7
6
8
8
6
9
24
24
8
7
10
8
40
10
9
24
24
8
12
12
40
48
12
24
24
14
14
42
48
56
24
24
16
42
48
56
24
24
42
48
56
24
60
48
56
60
66
56
66
72
72
3888
