2
1
3
1
2
1
22
25
2
1
1
1
24
3
1
2
1
36
1
1
1
1
1
2
2
1
1
1
4
32
21
2
2
21
1
4
4
19
1
21
1
2
1
1
2
3
1
2
1
1
3
3
1
1
3
28
1
25
2
2
25
24
25
1
34
1
37
24
2
1
35
26
2
1
1
2
4
2
3
4
2
1
1
1
1
2
1
1
1
1
3
2
2
1
8
25
25
28
1
1
1
26
2
1
1
28
25
1
20
1
21
26
2
1
3
2
4
1
2
2
2
3
2
3
4
1
1
1
1
1
1
3
1
1
1
27
4
27
2
22
2
1
2
1
2
1
1
2
1
24
3
1
34
31
1
2
1
3
1
2
28
29
1
4
5
2
2
28
4
19
4
20
26
6
1
1
20
24
1
1
1
31
2
1
2
30
32
1
1
2
1
1
27
1
1
1
2
5
30
4
2
1
1
1
2
4
2
4
29
1
2
2
1
1
1
27
2
1
3
1
5
23
25
22
1
26
32
24
2
2
35
3
1
1
1
1
1
1
1
1
1
2
1
1
4
24
2
1
2
2
6
2
23
1
1
24
1
1
16
3
2
2
1
2
21
1
1
23
2
3
1
30
2
28
22
1
26
2
28
1
1
3
28
1
19
25
1
36
1
25
2
25
2
1
2
2
37
3
3
21
2
2
1
1
2
4
1
2
1
1
2
2
3
1
2
1
27
1
3
1
1
1
3
27
1
1
1
2
1
1
21
1
1
30
2
2
1
3
1
1
1
20
1
2
2
2
30
20
1
2
24
26
3
3
1
16
2
1
2
1
3
1
27
20
2
17
3
4
1
2
30
2
1
2
1
1
26
1
5
3
26
2
1
24
1
27
2
1
3
2
2
6
2
2
2
3
1
1
3
1
1
2
2
4
25
1
2
3
2
32
2
3
24
3
2
2
3
1
24
1
2
1
1
2
2
1
2
1
28
31
2
1
17
3
3
4
2
1
4
1
2
3
26
1
1
1
29
1
1
2
1
24
2
24
2
3
21
1
1
1
1
2
3
1
1
1
2
1
1
25
28
1
2
25
17
2
1
2
3
2
2
3
2
30
3
3
30
1
1
3
2
1
22
26
3
20
2
1
6
1
3
27
1
1
1
32
2
25
3
21
3
1
29
1
1
1
2
4
1
3
2
1
1
33
1
2
2
3
1
1
2
6
2
2
1
1
2
2
20
1
2
1
3
1
1
3
2
1
25
2
3
2
1
2
28
1
1
1
24
1
3
1
3
3
1
2
1
19
1
25
1
4
1
33
1
1
2
2
1
34
2
3
2
2
23
36
1
6
27
1
1
1
1
1
1
2
16
31
1
2
4
2
1
1
1
20
2
4
2
2
2
1
33
1
1
26
1
2
1
1
1
2
1
1
18
2
1
2
23
1
33
25
1
1
1
1
31
2
27
1
1
2
1
3
3
2
1
4
2
33
2
1
3
2
3
23
4
3
2
3
31
22
1
4
1
1
24
1
3
2
2
36
28
3
1
1
16
32
4
2
1
24
4
21
26
1
1
2
3
33
22
3
1
2
28
4
4
1
2
22
1
3
2
1
4
34
2
40
1
33
2
2
2
1
25
1
3
1
20
36
5
1
1
3
1
23
29
1
2
1
2
2
2
1
1
4
1
1
4
4
1
29
31
1
28
2
5
1
1
3
27
1
22
2
1
3
3
1
1
27
1
29
1
1
2
25
2
2
1
22
1
2
1
2
1
37
2
29
1
2
1
1
3
1
2
1
1
1
1
1
3
1
2
19
34
1
14
1
31
3
3
1
1
3
30
21
2
1
28
2
1
2
4
3
1
2
1
1
4
2
16
4
27
37
1
2
1
1
1
2
2
3
1
23
21
1
1
2
22
3
3
1
1
1
1
30
2
2
22
1
4
4
2
2
2
2
27
4
1
28
2
1
25
4
36
1
2
30
1
3
3
3
2
1
1
1
3
2
1
4
16
3
3
1
18
19
2
20
2
3
3
1
28
2
21
3
4
3
4
1
2
3
25
2
1
2
1
1
2
1
1
28
3
41
27
3
1
1
3
1
2
3
3
3
1
1
1
3
3
2
3
2
2
1
24
1
24
3
33
1
1
1
18
23
25
1
1
2
3
2
3
1
20
3
1
1
4
2
1
2
2
2
1
2
1
17
3
1
2
30
3
2
30
2
1
1
1
2
2
1
28
1
2
30
25
1
3
2
20
2
25
25
3
1
2
27
1
3
2
537743151